<?xml version="1.0" encoding="UTF-8"?>
<!-- Generated by org.testng.reporters.JUnitXMLReporter -->
<testsuite hostname="Hasneet3674" ignored="0" name="Regression suite 1" tests="2" failures="0" timestamp="2019-12-01T11:27:03 IST" time="22.539" errors="0">
  <testcase name="runScenario" time="14.959" classname="io.cucumber.testng.AbstractTestNGCucumberTests"/>
  <testcase name="runScenario" time="7.334" classname="io.cucumber.testng.AbstractTestNGCucumberTests"/>
</testsuite> <!-- Regression suite 1 -->
