<?xml version="1.0" encoding="UTF-8"?>
<testng-results skipped="0" failed="0" ignored="0" total="2" passed="2">
  <reporter-output>
  </reporter-output>
  <suite name="example suite 1" duration-ms="22539" started-at="2019-12-01T11:26:40 IST" finished-at="2019-12-01T11:27:03 IST">
    <groups>
      <group name="cucumber">
        <method signature="AbstractTestNGCucumberTests.runScenario(io.cucumber.testng.PickleEventWrapper, io.cucumber.testng.CucumberFeatureWrapper)[pri:0, instance:stepDefinations.RunCucumber@6d7b4f4c]" name="runScenario" class="io.cucumber.testng.AbstractTestNGCucumberTests"/>
      </group> <!-- cucumber -->
    </groups>
    <test name="Regression suite 1" duration-ms="22539" started-at="2019-12-01T11:26:40 IST" finished-at="2019-12-01T11:27:03 IST">
      <class name="stepDefinations.RunCucumber">
        <test-method status="PASS" signature="setUpClass()[pri:0, instance:stepDefinations.RunCucumber@6d7b4f4c]" name="setUpClass" is-config="true" duration-ms="115" started-at="2019-12-01T11:26:40 IST" finished-at="2019-12-01T11:26:41 IST">
          <reporter-output>
          </reporter-output>
        </test-method> <!-- setUpClass -->
        <test-method status="PASS" signature="runScenario(io.cucumber.testng.PickleEventWrapper, io.cucumber.testng.CucumberFeatureWrapper)[pri:0, instance:stepDefinations.RunCucumber@6d7b4f4c]" name="runScenario" duration-ms="14959" started-at="2019-12-01T11:26:41 IST" description="Runs Cucumber Scenarios" data-provider="scenarios" finished-at="2019-12-01T11:26:56 IST">
          <params>
            <param index="0">
              <value>
                <![CDATA["Book Hotel"]]>
              </value>
            </param>
            <param index="1">
              <value>
                <![CDATA["Make complete reservation"]]>
              </value>
            </param>
          </params>
          <reporter-output>
          </reporter-output>
        </test-method> <!-- runScenario -->
        <test-method status="PASS" signature="runScenario(io.cucumber.testng.PickleEventWrapper, io.cucumber.testng.CucumberFeatureWrapper)[pri:0, instance:stepDefinations.RunCucumber@6d7b4f4c]" name="runScenario" duration-ms="7334" started-at="2019-12-01T11:26:56 IST" description="Runs Cucumber Scenarios" data-provider="scenarios" finished-at="2019-12-01T11:27:03 IST">
          <params>
            <param index="0">
              <value>
                <![CDATA["Book Flight"]]>
              </value>
            </param>
            <param index="1">
              <value>
                <![CDATA["Make complete reservation"]]>
              </value>
            </param>
          </params>
          <reporter-output>
          </reporter-output>
        </test-method> <!-- runScenario -->
        <test-method status="PASS" signature="tearDownClass()[pri:0, instance:stepDefinations.RunCucumber@6d7b4f4c]" name="tearDownClass" is-config="true" duration-ms="69" started-at="2019-12-01T11:27:03 IST" finished-at="2019-12-01T11:27:03 IST">
          <reporter-output>
          </reporter-output>
        </test-method> <!-- tearDownClass -->
      </class> <!-- stepDefinations.RunCucumber -->
    </test> <!-- Regression suite 1 -->
  </suite> <!-- example suite 1 -->
</testng-results>
